<?xml version="1.0" encoding="UTF-8"?>
<!-- Generated by org.testng.reporters.JUnitReportReporter -->
<testsuite hostname="LAPTOP-42NBR01T" name="com.echalan.base.Runner" tests="2" failures="0" timestamp="15 Sep 2020 06:50:37 GMT" time="249.578" errors="0">
  <testcase name="Loginn" time="12.521" classname="com.echalan.base.Runner"/>
  <testcase name="Challan_history" time="237.057" classname="com.echalan.base.Runner"/>
</testsuite> <!-- com.echalan.base.Runner -->
