<?xml version="1.0" encoding="UTF-8"?>
<!-- Generated by org.testng.reporters.JUnitReportReporter -->
<testsuite hostname="VALUED-EVZ5AY0O" name="com.echalan.page.Manual_chalan" tests="3" failures="0" timestamp="18 May 2020 08:04:58 GMT" time="0.221" errors="0">
  <testcase name="witnessAnd_sentToCourt_026" time="0.010" classname="com.echalan.page.Manual_chalan"/>
  <testcase name="ImppoundDocument_with_witness_025" time="0.030" classname="com.echalan.page.Manual_chalan"/>
  <testcase name="challan_without_engineNO_005" time="0.181" classname="com.echalan.page.Manual_chalan"/>
</testsuite> <!-- com.echalan.page.Manual_chalan -->
