<?xml version="1.0" encoding="UTF-8"?>
<!-- Generated by org.testng.reporters.JUnitReportReporter -->
<testsuite hostname="VALUED-EVZ5AY0O" name="com.echalan.base.Edaakhil_Runner" tests="1" failures="0" timestamp="19 Jun 2020 11:17:12 GMT" time="42.253" errors="0">
  <testcase name="Loginn" time="42.253" classname="com.echalan.base.Edaakhil_Runner"/>
</testsuite> <!-- com.echalan.base.Edaakhil_Runner -->
